CRITICAL - 2024-04-17 10:19:03 --> ErrorException: Undefined variable $dados
in APPPATH/Views/usuario/edit.php on line 8.
 1 APPPATH/Views/usuario/edit.php(8): CodeIgniter\Debug\Exceptions->errorHandler()
 2 SYSTEMPATH/View/View.php(228): include('/opt/lampp/htdocs/ci4_biblioteca/app/Views/usuario/edit.php')
 3 SYSTEMPATH/View/View.php(231): CodeIgniter\View\View->CodeIgniter\View\{closure}()
 4 SYSTEMPATH/Common.php(1178): CodeIgniter\View\View->render()
 5 APPPATH/Controllers/Usuario.php(35): view()
 6 SYSTEMPATH/CodeIgniter.php(941): App\Controllers\Usuario->editar()
 7 SYSTEMPATH/CodeIgniter.php(502): CodeIgniter\CodeIgniter->runController()
 8 SYSTEMPATH/CodeIgniter.php(361): CodeIgniter\CodeIgniter->handleRequest()
 9 FCPATH/index.php(79): CodeIgniter\CodeIgniter->run()
10 SYSTEMPATH/Commands/Server/rewrite.php(47): require_once('/opt/lampp/htdocs/ci4_biblioteca/public/index.php')
CRITICAL - 2024-04-17 10:27:51 --> ArgumentCountError: Too few arguments to function App\Controllers\Usuario::salvar(), 0 passed in /opt/lampp/htdocs/ci4_biblioteca/system/CodeIgniter.php on line 941 and exactly 1 expected
in APPPATH/Controllers/Usuario.php on line 38.
 1 SYSTEMPATH/CodeIgniter.php(941): App\Controllers\Usuario->salvar()
 2 SYSTEMPATH/CodeIgniter.php(502): CodeIgniter\CodeIgniter->runController()
 3 SYSTEMPATH/CodeIgniter.php(361): CodeIgniter\CodeIgniter->handleRequest()
 4 FCPATH/index.php(79): CodeIgniter\CodeIgniter->run()
 5 SYSTEMPATH/Commands/Server/rewrite.php(47): require_once('/opt/lampp/htdocs/ci4_biblioteca/public/index.php')
CRITICAL - 2024-04-17 10:40:41 --> ArgumentCountError: Too few arguments to function App\Controllers\Usuario::editar(), 0 passed in /opt/lampp/htdocs/ci4_biblioteca/system/CodeIgniter.php on line 941 and exactly 1 expected
in APPPATH/Controllers/Usuario.php on line 30.
 1 SYSTEMPATH/CodeIgniter.php(941): App\Controllers\Usuario->editar()
 2 SYSTEMPATH/CodeIgniter.php(502): CodeIgniter\CodeIgniter->runController()
 3 SYSTEMPATH/CodeIgniter.php(361): CodeIgniter\CodeIgniter->handleRequest()
 4 FCPATH/index.php(79): CodeIgniter\CodeIgniter->run()
 5 SYSTEMPATH/Commands/Server/rewrite.php(47): require_once('/opt/lampp/htdocs/ci4_biblioteca/public/index.php')
CRITICAL - 2024-04-17 10:55:50 --> Error: Call to undefined method CodeIgniter\HTTP\IncomingRequest::find()
in APPPATH/Controllers/Usuario.php on line 44.
 1 SYSTEMPATH/CodeIgniter.php(941): App\Controllers\Usuario->excluir()
 2 SYSTEMPATH/CodeIgniter.php(502): CodeIgniter\CodeIgniter->runController()
 3 SYSTEMPATH/CodeIgniter.php(361): CodeIgniter\CodeIgniter->handleRequest()
 4 FCPATH/index.php(79): CodeIgniter\CodeIgniter->run()
 5 SYSTEMPATH/Commands/Server/rewrite.php(47): require_once('/opt/lampp/htdocs/ci4_biblioteca/public/index.php')
CRITICAL - 2024-04-17 10:56:02 --> ArgumentCountError: Too few arguments to function App\Controllers\Usuario::excluir(), 0 passed in /opt/lampp/htdocs/ci4_biblioteca/system/CodeIgniter.php on line 941 and exactly 1 expected
in APPPATH/Controllers/Usuario.php on line 43.
 1 SYSTEMPATH/CodeIgniter.php(941): App\Controllers\Usuario->excluir()
 2 SYSTEMPATH/CodeIgniter.php(502): CodeIgniter\CodeIgniter->runController()
 3 SYSTEMPATH/CodeIgniter.php(361): CodeIgniter\CodeIgniter->handleRequest()
 4 FCPATH/index.php(79): CodeIgniter\CodeIgniter->run()
 5 SYSTEMPATH/Commands/Server/rewrite.php(47): require_once('/opt/lampp/htdocs/ci4_biblioteca/public/index.php')
CRITICAL - 2024-04-17 10:57:10 --> ArgumentCountError: Too few arguments to function App\Controllers\Usuario::excluir(), 0 passed in /opt/lampp/htdocs/ci4_biblioteca/system/CodeIgniter.php on line 941 and exactly 1 expected
in APPPATH/Controllers/Usuario.php on line 43.
 1 SYSTEMPATH/CodeIgniter.php(941): App\Controllers\Usuario->excluir()
 2 SYSTEMPATH/CodeIgniter.php(502): CodeIgniter\CodeIgniter->runController()
 3 SYSTEMPATH/CodeIgniter.php(361): CodeIgniter\CodeIgniter->handleRequest()
 4 FCPATH/index.php(79): CodeIgniter\CodeIgniter->run()
 5 SYSTEMPATH/Commands/Server/rewrite.php(47): require_once('/opt/lampp/htdocs/ci4_biblioteca/public/index.php')
CRITICAL - 2024-04-17 10:58:28 --> ArgumentCountError: Too few arguments to function App\Controllers\Usuario::excluir(), 0 passed in /opt/lampp/htdocs/ci4_biblioteca/system/CodeIgniter.php on line 941 and exactly 1 expected
in APPPATH/Controllers/Usuario.php on line 43.
 1 SYSTEMPATH/CodeIgniter.php(941): App\Controllers\Usuario->excluir()
 2 SYSTEMPATH/CodeIgniter.php(502): CodeIgniter\CodeIgniter->runController()
 3 SYSTEMPATH/CodeIgniter.php(361): CodeIgniter\CodeIgniter->handleRequest()
 4 FCPATH/index.php(79): CodeIgniter\CodeIgniter->run()
 5 SYSTEMPATH/Commands/Server/rewrite.php(47): require_once('/opt/lampp/htdocs/ci4_biblioteca/public/index.php')
CRITICAL - 2024-04-17 10:58:42 --> ErrorException: Undefined property: App\Controllers\Usuario::$UsuarioModel
in APPPATH/Controllers/Usuario.php on line 44.
 1 APPPATH/Controllers/Usuario.php(44): CodeIgniter\Debug\Exceptions->errorHandler()
 2 SYSTEMPATH/CodeIgniter.php(941): App\Controllers\Usuario->excluir()
 3 SYSTEMPATH/CodeIgniter.php(502): CodeIgniter\CodeIgniter->runController()
 4 SYSTEMPATH/CodeIgniter.php(361): CodeIgniter\CodeIgniter->handleRequest()
 5 FCPATH/index.php(79): CodeIgniter\CodeIgniter->run()
 6 SYSTEMPATH/Commands/Server/rewrite.php(47): require_once('/opt/lampp/htdocs/ci4_biblioteca/public/index.php')
CRITICAL - 2024-04-17 10:59:12 --> ArgumentCountError: Too few arguments to function App\Controllers\Usuario::excluir(), 0 passed in /opt/lampp/htdocs/ci4_biblioteca/system/CodeIgniter.php on line 941 and exactly 1 expected
in APPPATH/Controllers/Usuario.php on line 43.
 1 SYSTEMPATH/CodeIgniter.php(941): App\Controllers\Usuario->excluir()
 2 SYSTEMPATH/CodeIgniter.php(502): CodeIgniter\CodeIgniter->runController()
 3 SYSTEMPATH/CodeIgniter.php(361): CodeIgniter\CodeIgniter->handleRequest()
 4 FCPATH/index.php(79): CodeIgniter\CodeIgniter->run()
 5 SYSTEMPATH/Commands/Server/rewrite.php(47): require_once('/opt/lampp/htdocs/ci4_biblioteca/public/index.php')
CRITICAL - 2024-04-17 11:03:56 --> ArgumentCountError: Too few arguments to function App\Controllers\Usuario::excluir(), 0 passed in /opt/lampp/htdocs/ci4_biblioteca/system/CodeIgniter.php on line 941 and exactly 1 expected
in APPPATH/Controllers/Usuario.php on line 43.
 1 SYSTEMPATH/CodeIgniter.php(941): App\Controllers\Usuario->excluir()
 2 SYSTEMPATH/CodeIgniter.php(502): CodeIgniter\CodeIgniter->runController()
 3 SYSTEMPATH/CodeIgniter.php(361): CodeIgniter\CodeIgniter->handleRequest()
 4 FCPATH/index.php(79): CodeIgniter\CodeIgniter->run()
 5 SYSTEMPATH/Commands/Server/rewrite.php(47): require_once('/opt/lampp/htdocs/ci4_biblioteca/public/index.php')
CRITICAL - 2024-04-17 11:05:23 --> ArgumentCountError: Too few arguments to function App\Controllers\Usuario::excluir(), 0 passed in /opt/lampp/htdocs/ci4_biblioteca/system/CodeIgniter.php on line 941 and exactly 1 expected
in APPPATH/Controllers/Usuario.php on line 43.
 1 SYSTEMPATH/CodeIgniter.php(941): App\Controllers\Usuario->excluir()
 2 SYSTEMPATH/CodeIgniter.php(502): CodeIgniter\CodeIgniter->runController()
 3 SYSTEMPATH/CodeIgniter.php(361): CodeIgniter\CodeIgniter->handleRequest()
 4 FCPATH/index.php(79): CodeIgniter\CodeIgniter->run()
 5 SYSTEMPATH/Commands/Server/rewrite.php(47): require_once('/opt/lampp/htdocs/ci4_biblioteca/public/index.php')
CRITICAL - 2024-04-17 11:06:31 --> ArgumentCountError: Too few arguments to function App\Controllers\Usuario::excluir(), 0 passed in /opt/lampp/htdocs/ci4_biblioteca/system/CodeIgniter.php on line 941 and exactly 1 expected
in APPPATH/Controllers/Usuario.php on line 43.
 1 SYSTEMPATH/CodeIgniter.php(941): App\Controllers\Usuario->excluir()
 2 SYSTEMPATH/CodeIgniter.php(502): CodeIgniter\CodeIgniter->runController()
 3 SYSTEMPATH/CodeIgniter.php(361): CodeIgniter\CodeIgniter->handleRequest()
 4 FCPATH/index.php(79): CodeIgniter\CodeIgniter->run()
 5 SYSTEMPATH/Commands/Server/rewrite.php(47): require_once('/opt/lampp/htdocs/ci4_biblioteca/public/index.php')
CRITICAL - 2024-04-17 11:07:23 --> ArgumentCountError: Too few arguments to function App\Controllers\Usuario::e(), 0 passed in /opt/lampp/htdocs/ci4_biblioteca/system/CodeIgniter.php on line 941 and exactly 1 expected
in APPPATH/Controllers/Usuario.php on line 43.
 1 SYSTEMPATH/CodeIgniter.php(941): App\Controllers\Usuario->e()
 2 SYSTEMPATH/CodeIgniter.php(502): CodeIgniter\CodeIgniter->runController()
 3 SYSTEMPATH/CodeIgniter.php(361): CodeIgniter\CodeIgniter->handleRequest()
 4 FCPATH/index.php(79): CodeIgniter\CodeIgniter->run()
 5 SYSTEMPATH/Commands/Server/rewrite.php(47): require_once('/opt/lampp/htdocs/ci4_biblioteca/public/index.php')
CRITICAL - 2024-04-17 11:10:32 --> ArgumentCountError: Too few arguments to function App\Controllers\Usuario::excluir(), 0 passed in /opt/lampp/htdocs/ci4_biblioteca/system/CodeIgniter.php on line 941 and exactly 1 expected
in APPPATH/Controllers/Usuario.php on line 43.
 1 SYSTEMPATH/CodeIgniter.php(941): App\Controllers\Usuario->excluir()
 2 SYSTEMPATH/CodeIgniter.php(502): CodeIgniter\CodeIgniter->runController()
 3 SYSTEMPATH/CodeIgniter.php(361): CodeIgniter\CodeIgniter->handleRequest()
 4 FCPATH/index.php(79): CodeIgniter\CodeIgniter->run()
 5 SYSTEMPATH/Commands/Server/rewrite.php(47): require_once('/opt/lampp/htdocs/ci4_biblioteca/public/index.php')
CRITICAL - 2024-04-17 11:10:39 --> ArgumentCountError: Too few arguments to function App\Controllers\Usuario::excluir(), 0 passed in /opt/lampp/htdocs/ci4_biblioteca/system/CodeIgniter.php on line 941 and exactly 1 expected
in APPPATH/Controllers/Usuario.php on line 43.
 1 SYSTEMPATH/CodeIgniter.php(941): App\Controllers\Usuario->excluir()
 2 SYSTEMPATH/CodeIgniter.php(502): CodeIgniter\CodeIgniter->runController()
 3 SYSTEMPATH/CodeIgniter.php(361): CodeIgniter\CodeIgniter->handleRequest()
 4 FCPATH/index.php(79): CodeIgniter\CodeIgniter->run()
 5 SYSTEMPATH/Commands/Server/rewrite.php(47): require_once('/opt/lampp/htdocs/ci4_biblioteca/public/index.php')
CRITICAL - 2024-04-17 11:11:07 --> ArgumentCountError: Too few arguments to function App\Controllers\Usuario::excluir(), 0 passed in /opt/lampp/htdocs/ci4_biblioteca/system/CodeIgniter.php on line 941 and exactly 1 expected
in APPPATH/Controllers/Usuario.php on line 43.
 1 SYSTEMPATH/CodeIgniter.php(941): App\Controllers\Usuario->excluir()
 2 SYSTEMPATH/CodeIgniter.php(502): CodeIgniter\CodeIgniter->runController()
 3 SYSTEMPATH/CodeIgniter.php(361): CodeIgniter\CodeIgniter->handleRequest()
 4 FCPATH/index.php(79): CodeIgniter\CodeIgniter->run()
 5 SYSTEMPATH/Commands/Server/rewrite.php(47): require_once('/opt/lampp/htdocs/ci4_biblioteca/public/index.php')
CRITICAL - 2024-04-17 11:11:39 --> ArgumentCountError: Too few arguments to function App\Controllers\Usuario::excluir(), 0 passed in /opt/lampp/htdocs/ci4_biblioteca/system/CodeIgniter.php on line 941 and exactly 1 expected
in APPPATH/Controllers/Usuario.php on line 43.
 1 SYSTEMPATH/CodeIgniter.php(941): App\Controllers\Usuario->excluir()
 2 SYSTEMPATH/CodeIgniter.php(502): CodeIgniter\CodeIgniter->runController()
 3 SYSTEMPATH/CodeIgniter.php(361): CodeIgniter\CodeIgniter->handleRequest()
 4 FCPATH/index.php(79): CodeIgniter\CodeIgniter->run()
 5 SYSTEMPATH/Commands/Server/rewrite.php(47): require_once('/opt/lampp/htdocs/ci4_biblioteca/public/index.php')
CRITICAL - 2024-04-17 11:14:30 --> ArgumentCountError: Too few arguments to function App\Controllers\Usuario::excluir(), 0 passed in /opt/lampp/htdocs/ci4_biblioteca/system/CodeIgniter.php on line 941 and exactly 1 expected
in APPPATH/Controllers/Usuario.php on line 43.
 1 SYSTEMPATH/CodeIgniter.php(941): App\Controllers\Usuario->excluir()
 2 SYSTEMPATH/CodeIgniter.php(502): CodeIgniter\CodeIgniter->runController()
 3 SYSTEMPATH/CodeIgniter.php(361): CodeIgniter\CodeIgniter->handleRequest()
 4 FCPATH/index.php(79): CodeIgniter\CodeIgniter->run()
 5 SYSTEMPATH/Commands/Server/rewrite.php(47): require_once('/opt/lampp/htdocs/ci4_biblioteca/public/index.php')
CRITICAL - 2024-04-17 11:15:34 --> ArgumentCountError: Too few arguments to function App\Controllers\Usuario::excluir(), 0 passed in /opt/lampp/htdocs/ci4_biblioteca/system/CodeIgniter.php on line 941 and exactly 1 expected
in APPPATH/Controllers/Usuario.php on line 43.
 1 SYSTEMPATH/CodeIgniter.php(941): App\Controllers\Usuario->excluir()
 2 SYSTEMPATH/CodeIgniter.php(502): CodeIgniter\CodeIgniter->runController()
 3 SYSTEMPATH/CodeIgniter.php(361): CodeIgniter\CodeIgniter->handleRequest()
 4 FCPATH/index.php(79): CodeIgniter\CodeIgniter->run()
 5 SYSTEMPATH/Commands/Server/rewrite.php(47): require_once('/opt/lampp/htdocs/ci4_biblioteca/public/index.php')
CRITICAL - 2024-04-17 11:17:44 --> ArgumentCountError: Too few arguments to function App\Controllers\Usuario::excluir(), 0 passed in /opt/lampp/htdocs/ci4_biblioteca/system/CodeIgniter.php on line 941 and exactly 1 expected
in APPPATH/Controllers/Usuario.php on line 43.
 1 SYSTEMPATH/CodeIgniter.php(941): App\Controllers\Usuario->excluir()
 2 SYSTEMPATH/CodeIgniter.php(502): CodeIgniter\CodeIgniter->runController()
 3 SYSTEMPATH/CodeIgniter.php(361): CodeIgniter\CodeIgniter->handleRequest()
 4 FCPATH/index.php(79): CodeIgniter\CodeIgniter->run()
 5 SYSTEMPATH/Commands/Server/rewrite.php(47): require_once('/opt/lampp/htdocs/ci4_biblioteca/public/index.php')
CRITICAL - 2024-04-17 11:20:21 --> ArgumentCountError: Too few arguments to function App\Controllers\Usuario::excluir(), 0 passed in /opt/lampp/htdocs/ci4_biblioteca/system/CodeIgniter.php on line 941 and exactly 1 expected
in APPPATH/Controllers/Usuario.php on line 43.
 1 SYSTEMPATH/CodeIgniter.php(941): App\Controllers\Usuario->excluir()
 2 SYSTEMPATH/CodeIgniter.php(502): CodeIgniter\CodeIgniter->runController()
 3 SYSTEMPATH/CodeIgniter.php(361): CodeIgniter\CodeIgniter->handleRequest()
 4 FCPATH/index.php(79): CodeIgniter\CodeIgniter->run()
 5 SYSTEMPATH/Commands/Server/rewrite.php(47): require_once('/opt/lampp/htdocs/ci4_biblioteca/public/index.php')
CRITICAL - 2024-04-17 11:20:28 --> ArgumentCountError: Too few arguments to function App\Controllers\Usuario::excluir(), 0 passed in /opt/lampp/htdocs/ci4_biblioteca/system/CodeIgniter.php on line 941 and exactly 1 expected
in APPPATH/Controllers/Usuario.php on line 43.
 1 SYSTEMPATH/CodeIgniter.php(941): App\Controllers\Usuario->excluir()
 2 SYSTEMPATH/CodeIgniter.php(502): CodeIgniter\CodeIgniter->runController()
 3 SYSTEMPATH/CodeIgniter.php(361): CodeIgniter\CodeIgniter->handleRequest()
 4 FCPATH/index.php(79): CodeIgniter\CodeIgniter->run()
 5 SYSTEMPATH/Commands/Server/rewrite.php(47): require_once('/opt/lampp/htdocs/ci4_biblioteca/public/index.php')
CRITICAL - 2024-04-17 11:21:56 --> ArgumentCountError: Too few arguments to function App\Controllers\Usuario::excluir(), 0 passed in /opt/lampp/htdocs/ci4_biblioteca/system/CodeIgniter.php on line 941 and exactly 1 expected
in APPPATH/Controllers/Usuario.php on line 43.
 1 SYSTEMPATH/CodeIgniter.php(941): App\Controllers\Usuario->excluir()
 2 SYSTEMPATH/CodeIgniter.php(502): CodeIgniter\CodeIgniter->runController()
 3 SYSTEMPATH/CodeIgniter.php(361): CodeIgniter\CodeIgniter->handleRequest()
 4 FCPATH/index.php(79): CodeIgniter\CodeIgniter->run()
 5 SYSTEMPATH/Commands/Server/rewrite.php(47): require_once('/opt/lampp/htdocs/ci4_biblioteca/public/index.php')
CRITICAL - 2024-04-17 11:22:53 --> ArgumentCountError: Too few arguments to function App\Controllers\Usuario::excluir(), 0 passed in /opt/lampp/htdocs/ci4_biblioteca/system/CodeIgniter.php on line 941 and exactly 1 expected
in APPPATH/Controllers/Usuario.php on line 43.
 1 SYSTEMPATH/CodeIgniter.php(941): App\Controllers\Usuario->excluir()
 2 SYSTEMPATH/CodeIgniter.php(502): CodeIgniter\CodeIgniter->runController()
 3 SYSTEMPATH/CodeIgniter.php(361): CodeIgniter\CodeIgniter->handleRequest()
 4 FCPATH/index.php(79): CodeIgniter\CodeIgniter->run()
 5 SYSTEMPATH/Commands/Server/rewrite.php(47): require_once('/opt/lampp/htdocs/ci4_biblioteca/public/index.php')
CRITICAL - 2024-04-17 11:23:20 --> ArgumentCountError: Too few arguments to function App\Controllers\Usuario::excluir(), 0 passed in /opt/lampp/htdocs/ci4_biblioteca/system/CodeIgniter.php on line 941 and exactly 1 expected
in APPPATH/Controllers/Usuario.php on line 43.
 1 SYSTEMPATH/CodeIgniter.php(941): App\Controllers\Usuario->excluir()
 2 SYSTEMPATH/CodeIgniter.php(502): CodeIgniter\CodeIgniter->runController()
 3 SYSTEMPATH/CodeIgniter.php(361): CodeIgniter\CodeIgniter->handleRequest()
 4 FCPATH/index.php(79): CodeIgniter\CodeIgniter->run()
 5 SYSTEMPATH/Commands/Server/rewrite.php(47): require_once('/opt/lampp/htdocs/ci4_biblioteca/public/index.php')
CRITICAL - 2024-04-17 11:25:22 --> ArgumentCountError: Too few arguments to function App\Controllers\Usuario::excluir(), 0 passed in /opt/lampp/htdocs/ci4_biblioteca/system/CodeIgniter.php on line 941 and exactly 1 expected
in APPPATH/Controllers/Usuario.php on line 43.
 1 SYSTEMPATH/CodeIgniter.php(941): App\Controllers\Usuario->excluir()
 2 SYSTEMPATH/CodeIgniter.php(502): CodeIgniter\CodeIgniter->runController()
 3 SYSTEMPATH/CodeIgniter.php(361): CodeIgniter\CodeIgniter->handleRequest()
 4 FCPATH/index.php(79): CodeIgniter\CodeIgniter->run()
 5 SYSTEMPATH/Commands/Server/rewrite.php(47): require_once('/opt/lampp/htdocs/ci4_biblioteca/public/index.php')
CRITICAL - 2024-04-17 16:10:09 --> ArgumentCountError: Too few arguments to function App\Controllers\Usuario::excluir(), 0 passed in /opt/lampp/htdocs/ci4_biblioteca/system/CodeIgniter.php on line 941 and exactly 1 expected
in APPPATH/Controllers/Usuario.php on line 43.
 1 SYSTEMPATH/CodeIgniter.php(941): App\Controllers\Usuario->excluir()
 2 SYSTEMPATH/CodeIgniter.php(502): CodeIgniter\CodeIgniter->runController()
 3 SYSTEMPATH/CodeIgniter.php(361): CodeIgniter\CodeIgniter->handleRequest()
 4 FCPATH/index.php(79): CodeIgniter\CodeIgniter->run()
 5 SYSTEMPATH/Commands/Server/rewrite.php(47): require_once('/opt/lampp/htdocs/ci4_biblioteca/public/index.php')
CRITICAL - 2024-04-17 16:17:56 --> ErrorException: Undefined variable $u
in APPPATH/Views/usuario/edit.php on line 36.
 1 APPPATH/Views/usuario/edit.php(36): CodeIgniter\Debug\Exceptions->errorHandler()
 2 SYSTEMPATH/View/View.php(228): include('/opt/lampp/htdocs/ci4_biblioteca/app/Views/usuario/edit.php')
 3 SYSTEMPATH/View/View.php(231): CodeIgniter\View\View->CodeIgniter\View\{closure}()
 4 SYSTEMPATH/Common.php(1178): CodeIgniter\View\View->render()
 5 APPPATH/Controllers/Usuario.php(35): view()
 6 SYSTEMPATH/CodeIgniter.php(941): App\Controllers\Usuario->editar()
 7 SYSTEMPATH/CodeIgniter.php(502): CodeIgniter\CodeIgniter->runController()
 8 SYSTEMPATH/CodeIgniter.php(361): CodeIgniter\CodeIgniter->handleRequest()
 9 FCPATH/index.php(79): CodeIgniter\CodeIgniter->run()
10 SYSTEMPATH/Commands/Server/rewrite.php(47): require_once('/opt/lampp/htdocs/ci4_biblioteca/public/index.php')
CRITICAL - 2024-04-17 16:18:10 --> ErrorException: Undefined variable $u
in APPPATH/Views/usuario/edit.php on line 46.
 1 APPPATH/Views/usuario/edit.php(46): CodeIgniter\Debug\Exceptions->errorHandler()
 2 SYSTEMPATH/View/View.php(228): include('/opt/lampp/htdocs/ci4_biblioteca/app/Views/usuario/edit.php')
 3 SYSTEMPATH/View/View.php(231): CodeIgniter\View\View->CodeIgniter\View\{closure}()
 4 SYSTEMPATH/Common.php(1178): CodeIgniter\View\View->render()
 5 APPPATH/Controllers/Usuario.php(35): view()
 6 SYSTEMPATH/CodeIgniter.php(941): App\Controllers\Usuario->editar()
 7 SYSTEMPATH/CodeIgniter.php(502): CodeIgniter\CodeIgniter->runController()
 8 SYSTEMPATH/CodeIgniter.php(361): CodeIgniter\CodeIgniter->handleRequest()
 9 FCPATH/index.php(79): CodeIgniter\CodeIgniter->run()
10 SYSTEMPATH/Commands/Server/rewrite.php(47): require_once('/opt/lampp/htdocs/ci4_biblioteca/public/index.php')
CRITICAL - 2024-04-17 16:19:53 --> ArgumentCountError: Too few arguments to function App\Controllers\Usuario::excluir(), 0 passed in /opt/lampp/htdocs/ci4_biblioteca/system/CodeIgniter.php on line 941 and exactly 1 expected
in APPPATH/Controllers/Usuario.php on line 43.
 1 SYSTEMPATH/CodeIgniter.php(941): App\Controllers\Usuario->excluir()
 2 SYSTEMPATH/CodeIgniter.php(502): CodeIgniter\CodeIgniter->runController()
 3 SYSTEMPATH/CodeIgniter.php(361): CodeIgniter\CodeIgniter->handleRequest()
 4 FCPATH/index.php(79): CodeIgniter\CodeIgniter->run()
 5 SYSTEMPATH/Commands/Server/rewrite.php(47): require_once('/opt/lampp/htdocs/ci4_biblioteca/public/index.php')
CRITICAL - 2024-04-17 16:20:43 --> ArgumentCountError: Too few arguments to function App\Controllers\Usuario::excluir(), 0 passed in /opt/lampp/htdocs/ci4_biblioteca/system/CodeIgniter.php on line 941 and exactly 1 expected
in APPPATH/Controllers/Usuario.php on line 43.
 1 SYSTEMPATH/CodeIgniter.php(941): App\Controllers\Usuario->excluir()
 2 SYSTEMPATH/CodeIgniter.php(502): CodeIgniter\CodeIgniter->runController()
 3 SYSTEMPATH/CodeIgniter.php(361): CodeIgniter\CodeIgniter->handleRequest()
 4 FCPATH/index.php(79): CodeIgniter\CodeIgniter->run()
 5 SYSTEMPATH/Commands/Server/rewrite.php(47): require_once('/opt/lampp/htdocs/ci4_biblioteca/public/index.php')
CRITICAL - 2024-04-17 16:21:07 --> ArgumentCountError: Too few arguments to function App\Controllers\Usuario::excluir(), 0 passed in /opt/lampp/htdocs/ci4_biblioteca/system/CodeIgniter.php on line 941 and exactly 1 expected
in APPPATH/Controllers/Usuario.php on line 43.
 1 SYSTEMPATH/CodeIgniter.php(941): App\Controllers\Usuario->excluir()
 2 SYSTEMPATH/CodeIgniter.php(502): CodeIgniter\CodeIgniter->runController()
 3 SYSTEMPATH/CodeIgniter.php(361): CodeIgniter\CodeIgniter->handleRequest()
 4 FCPATH/index.php(79): CodeIgniter\CodeIgniter->run()
 5 SYSTEMPATH/Commands/Server/rewrite.php(47): require_once('/opt/lampp/htdocs/ci4_biblioteca/public/index.php')
